TN:
SF:/Users/pravallikapilla/Desktop/DutchAuction/DutchAuction/v5.0/contracts/MyNFT.sol
FN:27,constructor
FN:32,safeMint
FNF:2
FNH:2
FNDA:3,constructor
FNDA:2,safeMint
DA:28,3
DA:34,2
DA:37,2
DA:40,2
DA:41,2
LF:5
LH:5
BRDA:32,1,0,2
BRDA:32,1,1,1
BRDA:34,2,0,2
BRDA:34,2,1,0
BRF:4
BRH:3
end_of_record
TN:
SF:/Users/pravallikapilla/Desktop/DutchAuction/DutchAuction/v5.0/contracts/MyToken.sol
FN:23,constructor
FN:28,currentPrice
FN:36,invoice
FN:41,refund
FN:50,mint
FN:61,buy
FNF:6
FNH:5
FNDA:3,constructor
FNDA:2,currentPrice
FNDA:1,invoice
FNDA:0,refund
FNDA:1,mint
FNDA:1,buy
DA:24,3
DA:29,2
DA:37,1
DA:42,0
DA:53,1
DA:56,1
DA:64,1
DA:65,1
DA:68,1
DA:69,0
DA:73,1
LF:11
LH:9
BRDA:53,1,0,1
BRDA:53,1,1,0
BRDA:65,2,0,1
BRDA:65,2,1,0
BRDA:68,3,0,0
BRDA:68,3,1,1
BRF:6
BRH:3
end_of_record
TN:
SF:/Users/pravallikapilla/Desktop/DutchAuction/DutchAuction/v5.0/contracts/NFTDutchAuction_ERC20BidsUpgradeable.sol
FN:71,initialize
FN:98,_authorizeUpgrade
FN:101,currentBlock
FN:106,blockDifference
FN:111,currentPrice
FN:116,isAuctionOpen
FN:124,finalize
FN:139,bid
FNF:8
FNH:7
FNDA:3,initialize
FNDA:0,_authorizeUpgrade
FNDA:9,currentBlock
FNDA:9,blockDifference
FNDA:5,currentPrice
FNDA:4,isAuctionOpen
FNDA:2,finalize
FNDA:4,bid
DA:73,3
DA:74,3
DA:75,3
DA:78,3
DA:79,3
DA:80,3
DA:83,3
DA:86,3
DA:87,3
DA:88,3
DA:91,3
DA:102,9
DA:107,9
DA:112,5
DA:117,4
DA:125,2
DA:126,2
DA:127,2
DA:142,4
DA:145,4
DA:148,4
DA:151,4
DA:154,3
DA:157,2
DA:158,2
DA:161,2
LF:26
LH:26
BRDA:71,1,0,3
BRDA:71,1,1,0
BRDA:83,2,0,3
BRDA:83,2,1,0
BRDA:98,3,0,0
BRDA:98,3,1,0
BRDA:142,4,0,4
BRDA:142,4,1,0
BRDA:145,5,0,4
BRDA:145,5,1,0
BRDA:148,6,0,4
BRDA:148,6,1,0
BRDA:151,7,0,3
BRDA:151,7,1,1
BRDA:154,8,0,2
BRDA:154,8,1,1
BRDA:158,9,0,2
BRDA:158,9,1,0
BRF:18
BRH:10
end_of_record
